<?xml version="1.0" encoding="UTF-8"?>
<testsuite name="branham.joel.QueueTest" tests="3" skipped="0" failures="0" errors="0" timestamp="2017-11-27T03:19:06" hostname="Joel" time="0.002">
  <properties/>
  <testcase name="checkEnqueueAndDequeueOfOneInteger" classname="branham.joel.QueueTest" time="0.0"/>
  <testcase name="checkInitialSize" classname="branham.joel.QueueTest" time="0.0"/>
  <testcase name="checkQueueOfIntegersInCorrectOrder" classname="branham.joel.QueueTest" time="0.001"/>
  <system-out><![CDATA[]]></system-out>
  <system-err><![CDATA[]]></system-err>
</testsuite>
