<?xml version="1.0" encoding="UTF-8"?>
<testsuite name="branham.joel.GridTest" tests="1" skipped="0" failures="0" errors="0" timestamp="2017-11-27T03:19:06" hostname="Joel" time="0.019">
  <properties/>
  <testcase name="checkPointsInGrid" classname="branham.joel.GridTest" time="0.019"/>
  <system-out><![CDATA[]]></system-out>
  <system-err><![CDATA[]]></system-err>
</testsuite>
